Fe2C8cYiHPadHaINzdiAAA 2020-01-26T22:31:38.593+0000 [INFO ] akka.event.slf4j.Slf4jLogger in application-akka.actor.default-dispatcher-5 - Slf4jLogger started
Fe2C8cYiHTSdHaINzdiAAA 2020-01-26T22:31:38.718+0000 [INFO ] org.quartz.core.SchedulerSignalerImpl in play-dev-mode-akka.actor.default-dispatcher-7 - Initialized Scheduler Signaller of type: class org.quartz.core.SchedulerSignalerImpl
Fe2C8cYiHTWdHaINzdiAAA 2020-01-26T22:31:38.720+0000 [INFO ] org.quartz.core.QuartzScheduler in play-dev-mode-akka.actor.default-dispatcher-7 - Quartz Scheduler v.2.2.3 created.
Fe2C8cYiHTadHaINzdiAAA 2020-01-26T22:31:38.722+0000 [INFO ] org.quartz.simpl.RAMJobStore in play-dev-mode-akka.actor.default-dispatcher-7 - RAMJobStore initialized.
Fe2C8cYiHTcdHaINzdiAAA 2020-01-26T22:31:38.723+0000 [INFO ] org.quartz.core.QuartzScheduler in play-dev-mode-akka.actor.default-dispatcher-7 - Scheduler meta-data: Quartz Scheduler (v2.2.3) 'QuartzScheduler~application' with instanceId 'application'
  Scheduler class: 'org.quartz.core.QuartzScheduler' - running locally.
  NOT STARTED.
  Currently in standby mode.
  Number of jobs executed: 0
  Using thread pool 'org.quartz.simpl.SimpleThreadPool' - with 1 threads.
  Using job-store 'org.quartz.simpl.RAMJobStore' - which does not support persistence. and is not clustered.

Fe2C8cYiHTedHaINzdiAAA 2020-01-26T22:31:38.723+0000 [INFO ] org.quartz.impl.DirectSchedulerFactory in play-dev-mode-akka.actor.default-dispatcher-7 - Quartz scheduler 'QuartzScheduler~application
Fe2C8cYiHTedHaINzdiAAB 2020-01-26T22:31:38.723+0000 [INFO ] org.quartz.impl.DirectSchedulerFactory in play-dev-mode-akka.actor.default-dispatcher-7 - Quartz scheduler version: 2.2.3
Fe2C8cYiHTedHaINzdiAAC 2020-01-26T22:31:38.724+0000 [INFO ] org.quartz.core.QuartzScheduler in play-dev-mode-akka.actor.default-dispatcher-7 - Scheduler QuartzScheduler~application_$_application started.
Fe2C8cYiHTqdHaINzdiAAA 2020-01-26T22:31:38.730+0000 [INFO ] com.typesafe.akka.extension.quartz.QuartzSchedulerExtension in application-akka.actor.default-dispatcher-5 - Setting up scheduled job 'AuthTokenCleaner', with 'com.typesafe.akka.extension.quartz.QuartzCronSchedule@6814ce73'
Fe2C8cYiHVMdHaINzdiAAA 2020-01-26T22:31:38.779+0000 [INFO ] jobs.AuthTokenCleaner in scala-execution-context-global-644 - 
=================================
Start to cleanup auth tokens
=================================
Total of 0 auth tokens(s) were deleted in 0 seconds
=================================
=================================

Fe2C8cYiHeWdHaINzdiAAA 2020-01-26T22:31:39.072+0000 [DEBUG] controllers.AssetsConfiguration in play-dev-mode-akka.actor.default-dispatcher-7 - Using the following cache configuration for assets:
	 enableCaching = false
	 enableCacheControl = false
	 defaultCacheControl = public, max-age=3600
	 aggressiveCacheControl = public, max-age=31536000, immutable
	 configuredCacheControl:


Fe2C8cYiHg0dHaINzdiAAA 2020-01-26T22:31:39.151+0000 [INFO ] play.api.http.EnabledFilters in play-dev-mode-akka.actor.default-dispatcher-7 - Enabled Filters (see <https://www.playframework.com/documentation/latest/Filters>):

    play.filters.csrf.CSRFFilter
    play.filters.headers.SecurityHeadersFilter
    play.filters.hosts.AllowedHostsFilter
    play.filters.csp.CSPFilter

Fe2C8cYiHg9OjtEG5uxAAA 2020-01-26T22:31:39.156+0000 [INFO ] play.api.Play in play-dev-mode-akka.actor.default-dispatcher-7 - Application started (Dev) (no global state)
Fe2C8cYiHiAdHaINzdiAAA 2020-01-26T22:31:39.188+0000 [INFO ] org.quartz.core.QuartzScheduler in application-akka.actor.default-dispatcher-5 - Scheduler QuartzScheduler~application_$_application shutting down.
Fe2C8cYiHiAdHaINzdiAAB 2020-01-26T22:31:39.189+0000 [INFO ] org.quartz.core.QuartzScheduler in application-akka.actor.default-dispatcher-5 - Scheduler QuartzScheduler~application_$_application paused.
Fe2C8cYiHiEdHaINzdiAAA 2020-01-26T22:31:39.190+0000 [INFO ] org.quartz.core.QuartzScheduler in application-akka.actor.default-dispatcher-5 - Scheduler QuartzScheduler~application_$_application shutdown complete.
